<?xml version="1.0" encoding="UTF-8"?>
<testsuite name="org.springframework.cloud.servicebroker.mongodb.service.MongoAdminServiceIntegrationTest" tests="6" failures="0" errors="0" timestamp="2016-10-21T20:51:53" hostname="longview" time="1.925">
  <properties/>
  <testcase name="instanceCreationIsSuccessful" classname="org.springframework.cloud.servicebroker.mongodb.service.MongoAdminServiceIntegrationTest" time="0.107"/>
  <testcase name="newUserCreatedSuccessfully" classname="org.springframework.cloud.servicebroker.mongodb.service.MongoAdminServiceIntegrationTest" time="0.535"/>
  <testcase name="databaseNameExists" classname="org.springframework.cloud.servicebroker.mongodb.service.MongoAdminServiceIntegrationTest" time="0.06"/>
  <testcase name="databaseNameDoesNotExist" classname="org.springframework.cloud.servicebroker.mongodb.service.MongoAdminServiceIntegrationTest" time="0.002"/>
  <testcase name="deleteUserSucceeds" classname="org.springframework.cloud.servicebroker.mongodb.service.MongoAdminServiceIntegrationTest" time="0.078"/>
  <testcase name="deleteDatabaseSucceeds" classname="org.springframework.cloud.servicebroker.mongodb.service.MongoAdminServiceIntegrationTest" time="0.059"/>
  <system-out><![CDATA[2016-10-21 14:51:53.488  INFO 7431 --- [    Test worker] o.s.t.c.support.AbstractContextLoader    : Could not detect default resource locations for test class [org.springframework.cloud.servicebroker.mongodb.IntegrationTestBase]: no resource found for suffixes {-context.xml, Context.groovy}.
2016-10-21 14:51:53.491  INFO 7431 --- [    Test worker] o.s.t.c.s.DefaultTestContextBootstrapper : Loaded default TestExecutionListener class names from location [META-INF/spring.factories]: [org.springframework.test.context.web.ServletTestExecutionListener, org.springframework.test.context.support.DirtiesContextBeforeModesTestExecutionListener, org.springframework.test.context.support.DependencyInjectionTestExecutionListener, org.springframework.test.context.support.DirtiesContextTestExecutionListener, org.springframework.test.context.transaction.TransactionalTestExecutionListener, org.springframework.test.context.jdbc.SqlScriptsTestExecutionListener]
2016-10-21 14:51:53.491  INFO 7431 --- [    Test worker] o.s.t.c.s.DefaultTestContextBootstrapper : Using TestExecutionListeners: [org.springframework.test.context.web.ServletTestExecutionListener@335743ab, org.springframework.test.context.support.DirtiesContextBeforeModesTestExecutionListener@29c6895c, org.springframework.test.context.support.DependencyInjectionTestExecutionListener@72690974, org.springframework.test.context.support.DirtiesContextTestExecutionListener@7083bac4, org.springframework.test.context.transaction.TransactionalTestExecutionListener@7940e564, org.springframework.test.context.jdbc.SqlScriptsTestExecutionListener@64511f79]
2016-10-21 14:51:54.132  INFO 7431 --- [    Test worker] s.c.a.AnnotationConfigApplicationContext : Closing org.springframework.context.annotation.AnnotationConfigApplicationContext@2ac2adcd: startup date [Fri Oct 21 14:51:51 MDT 2016]; root of context hierarchy

  .   ____          _            __ _ _
 /\\ / ___'_ __ _ _(_)_ __  __ _ \ \ \ \
( ( )\___ | '_ | '_| | '_ \/ _` | \ \ \ \
 \\/  ___)| |_)| | | | | || (_| |  ) ) ) )
  '  |____| .__|_| |_|_| |_\__, | / / / /
 =========|_|==============|___/=/_/_/_/
 :: Spring Boot ::        (v1.3.1.RELEASE)

2016-10-21 14:51:54.194  INFO 7431 --- [    Test worker] c.s.m.s.MongoAdminServiceIntegrationTest : Starting MongoAdminServiceIntegrationTest on longview with PID 7431 (/Users/mikegehard/workspace/edu/cloudfoundry-mongodb-service-broker/build/classes/test started by mikegehard in /Users/mikegehard/workspace/edu/cloudfoundry-mongodb-service-broker)
2016-10-21 14:51:54.195  INFO 7431 --- [    Test worker] c.s.m.s.MongoAdminServiceIntegrationTest : No active profile set, falling back to default profiles: default
2016-10-21 14:51:54.197  INFO 7431 --- [    Test worker] s.c.a.AnnotationConfigApplicationContext : Refreshing org.springframework.context.annotation.AnnotationConfigApplicationContext@9ebca1a: startup date [Fri Oct 21 14:51:54 MDT 2016]; root of context hierarchy
2016-10-21 14:51:54.686  INFO 7431 --- [    Test worker] c.s.m.s.MongoAdminServiceIntegrationTest : Started MongoAdminServiceIntegrationTest in 0.541 seconds (JVM running for 5.62)
2016-10-21 14:51:54.827  INFO 7431 --- [    Test worker] s.c.a.AnnotationConfigApplicationContext : Closing org.springframework.context.annotation.AnnotationConfigApplicationContext@9ebca1a: startup date [Fri Oct 21 14:51:54 MDT 2016]; root of context hierarchy

  .   ____          _            __ _ _
 /\\ / ___'_ __ _ _(_)_ __  __ _ \ \ \ \
( ( )\___ | '_ | '_| | '_ \/ _` | \ \ \ \
 \\/  ___)| |_)| | | | | || (_| |  ) ) ) )
  '  |____| .__|_| |_|_| |_\__, | / / / /
 =========|_|==============|___/=/_/_/_/
 :: Spring Boot ::        (v1.3.1.RELEASE)

2016-10-21 14:51:54.879  INFO 7431 --- [    Test worker] c.s.m.s.MongoAdminServiceIntegrationTest : Starting MongoAdminServiceIntegrationTest on longview with PID 7431 (/Users/mikegehard/workspace/edu/cloudfoundry-mongodb-service-broker/build/classes/test started by mikegehard in /Users/mikegehard/workspace/edu/cloudfoundry-mongodb-service-broker)
2016-10-21 14:51:54.880  INFO 7431 --- [    Test worker] c.s.m.s.MongoAdminServiceIntegrationTest : No active profile set, falling back to default profiles: default
2016-10-21 14:51:54.882  INFO 7431 --- [    Test worker] s.c.a.AnnotationConfigApplicationContext : Refreshing org.springframework.context.annotation.AnnotationConfigApplicationContext@1fd7d766: startup date [Fri Oct 21 14:51:54 MDT 2016]; root of context hierarchy
2016-10-21 14:51:55.358  INFO 7431 --- [    Test worker] c.s.m.s.MongoAdminServiceIntegrationTest : Started MongoAdminServiceIntegrationTest in 0.521 seconds (JVM running for 6.292)
]]></system-out>
  <system-err><![CDATA[]]></system-err>
</testsuite>
