<?xml version="1.0" encoding="UTF-8"?>
<testsuite name="org.springframework.cloud.servicebroker.mongodb.repository.MongoServiceInstanceBindingRepositoryIntegrationTest" tests="2" failures="0" errors="0" timestamp="2016-10-21T20:51:53" hostname="longview" time="0.202">
  <properties/>
  <testcase name="bindingDeletedSuccessfully" classname="org.springframework.cloud.servicebroker.mongodb.repository.MongoServiceInstanceBindingRepositoryIntegrationTest" time="0.146"/>
  <testcase name="bindingInsertedSuccessfully" classname="org.springframework.cloud.servicebroker.mongodb.repository.MongoServiceInstanceBindingRepositoryIntegrationTest" time="0.054"/>
  <system-out><![CDATA[14:51:50.339 [Test worker] DEBUG o.s.t.c.j.SpringJUnit4ClassRunner - SpringJUnit4ClassRunner constructor called with [class org.springframework.cloud.servicebroker.mongodb.repository.MongoServiceInstanceBindingRepositoryIntegrationTest]
14:51:50.366 [Test worker] DEBUG o.s.test.context.BootstrapUtils - Instantiating CacheAwareContextLoaderDelegate from class [org.springframework.test.context.cache.DefaultCacheAwareContextLoaderDelegate]
14:51:50.372 [Test worker] DEBUG o.s.test.context.BootstrapUtils - Instantiating BootstrapContext using constructor [public org.springframework.test.context.support.DefaultBootstrapContext(java.lang.Class,org.springframework.test.context.CacheAwareContextLoaderDelegate)]
14:51:50.382 [Test worker] DEBUG o.s.test.context.BootstrapUtils - Instantiating TestContextBootstrapper for test class [org.springframework.cloud.servicebroker.mongodb.repository.MongoServiceInstanceBindingRepositoryIntegrationTest] from class [org.springframework.test.context.support.DefaultTestContextBootstrapper]
14:51:50.403 [Test worker] DEBUG o.s.t.c.s.DefaultTestContextBootstrapper - Found explicit ContextLoader class [org.springframework.boot.test.SpringApplicationContextLoader] for context configuration attributes [ContextConfigurationAttributes@3ad7552e declaringClass = 'org.springframework.cloud.servicebroker.mongodb.IntegrationTestBase', classes = '{class org.springframework.cloud.servicebroker.mongodb.Application}', locations = '{}', inheritLocations = true, initializers = '{}', inheritInitializers = true, name = [null], contextLoaderClass = 'org.springframework.boot.test.SpringApplicationContextLoader']
14:51:50.409 [Test worker] DEBUG o.s.t.c.s.AbstractContextLoader - Did not detect default resource location for test class [org.springframework.cloud.servicebroker.mongodb.IntegrationTestBase]: class path resource [org/springframework/cloud/servicebroker/mongodb/IntegrationTestBase-context.xml] does not exist
14:51:50.410 [Test worker] DEBUG o.s.t.c.s.AbstractContextLoader - Did not detect default resource location for test class [org.springframework.cloud.servicebroker.mongodb.IntegrationTestBase]: class path resource [org/springframework/cloud/servicebroker/mongodb/IntegrationTestBaseContext.groovy] does not exist
14:51:50.410 [Test worker] INFO  o.s.t.c.s.AbstractContextLoader - Could not detect default resource locations for test class [org.springframework.cloud.servicebroker.mongodb.IntegrationTestBase]: no resource found for suffixes {-context.xml, Context.groovy}.
14:51:50.413 [Test worker] DEBUG o.s.t.c.support.ActiveProfilesUtils - Could not find an 'annotation declaring class' for annotation type [org.springframework.test.context.ActiveProfiles] and class [org.springframework.cloud.servicebroker.mongodb.repository.MongoServiceInstanceBindingRepositoryIntegrationTest]
14:51:50.417 [Test worker] DEBUG o.s.t.c.s.DefaultTestContextBootstrapper - @TestExecutionListeners is not present for class [org.springframework.cloud.servicebroker.mongodb.repository.MongoServiceInstanceBindingRepositoryIntegrationTest]: using defaults.
14:51:50.427 [Test worker] INFO  o.s.t.c.s.DefaultTestContextBootstrapper - Loaded default TestExecutionListener class names from location [META-INF/spring.factories]: [org.springframework.test.context.web.ServletTestExecutionListener, org.springframework.test.context.support.DirtiesContextBeforeModesTestExecutionListener, org.springframework.test.context.support.DependencyInjectionTestExecutionListener, org.springframework.test.context.support.DirtiesContextTestExecutionListener, org.springframework.test.context.transaction.TransactionalTestExecutionListener, org.springframework.test.context.jdbc.SqlScriptsTestExecutionListener]
14:51:50.459 [Test worker] INFO  o.s.t.c.s.DefaultTestContextBootstrapper - Using TestExecutionListeners: [org.springframework.test.context.web.ServletTestExecutionListener@3f6e8314, org.springframework.test.context.support.DirtiesContextBeforeModesTestExecutionListener@299ee140, org.springframework.test.context.support.DependencyInjectionTestExecutionListener@55b28953, org.springframework.test.context.support.DirtiesContextTestExecutionListener@13a2daa5, org.springframework.test.context.transaction.TransactionalTestExecutionListener@589f8de6, org.springframework.test.context.jdbc.SqlScriptsTestExecutionListener@6d5f354]
14:51:50.461 [Test worker] DEBUG o.s.t.annotation.ProfileValueUtils - Retrieved @ProfileValueSourceConfiguration [null] for test class [org.springframework.cloud.servicebroker.mongodb.repository.MongoServiceInstanceBindingRepositoryIntegrationTest]
14:51:50.462 [Test worker] DEBUG o.s.t.annotation.ProfileValueUtils - Retrieved ProfileValueSource type [class org.springframework.test.annotation.SystemProfileValueSource] for class [org.springframework.cloud.servicebroker.mongodb.repository.MongoServiceInstanceBindingRepositoryIntegrationTest]
14:51:50.465 [Test worker] DEBUG o.s.t.annotation.ProfileValueUtils - Retrieved @ProfileValueSourceConfiguration [null] for test class [org.springframework.cloud.servicebroker.mongodb.repository.MongoServiceInstanceBindingRepositoryIntegrationTest]
14:51:50.465 [Test worker] DEBUG o.s.t.annotation.ProfileValueUtils - Retrieved ProfileValueSource type [class org.springframework.test.annotation.SystemProfileValueSource] for class [org.springframework.cloud.servicebroker.mongodb.repository.MongoServiceInstanceBindingRepositoryIntegrationTest]
14:51:50.467 [Test worker] DEBUG o.s.t.annotation.ProfileValueUtils - Retrieved @ProfileValueSourceConfiguration [null] for test class [org.springframework.cloud.servicebroker.mongodb.repository.MongoServiceInstanceBindingRepositoryIntegrationTest]
14:51:50.467 [Test worker] DEBUG o.s.t.annotation.ProfileValueUtils - Retrieved ProfileValueSource type [class org.springframework.test.annotation.SystemProfileValueSource] for class [org.springframework.cloud.servicebroker.mongodb.repository.MongoServiceInstanceBindingRepositoryIntegrationTest]
14:51:50.469 [Test worker] DEBUG o.s.t.c.s.AbstractDirtiesContextTestExecutionListener - Before test class: context [DefaultTestContext@44f186c1 testClass = MongoServiceInstanceBindingRepositoryIntegrationTest, testInstance = [null], testMethod = [null], testException = [null], mergedContextConfiguration = [MergedContextConfiguration@2ec6371c testClass = MongoServiceInstanceBindingRepositoryIntegrationTest, locations = '{}', classes = '{class org.springframework.cloud.servicebroker.mongodb.Application}', contextInitializerClasses = '[]', activeProfiles = '{}', propertySourceLocations = '{}', propertySourceProperties = '{}', contextLoader = 'org.springframework.boot.test.SpringApplicationContextLoader', parent = [null]]], class annotated with @DirtiesContext [false] with mode [null].
14:51:50.470 [Test worker] DEBUG o.s.t.annotation.ProfileValueUtils - Retrieved @ProfileValueSourceConfiguration [null] for test class [org.springframework.cloud.servicebroker.mongodb.repository.MongoServiceInstanceBindingRepositoryIntegrationTest]
14:51:50.470 [Test worker] DEBUG o.s.t.annotation.ProfileValueUtils - Retrieved ProfileValueSource type [class org.springframework.test.annotation.SystemProfileValueSource] for class [org.springframework.cloud.servicebroker.mongodb.repository.MongoServiceInstanceBindingRepositoryIntegrationTest]
14:51:50.472 [Test worker] DEBUG o.s.t.c.s.DependencyInjectionTestExecutionListener - Performing dependency injection for test context [[DefaultTestContext@44f186c1 testClass = MongoServiceInstanceBindingRepositoryIntegrationTest, testInstance = org.springframework.cloud.servicebroker.mongodb.repository.MongoServiceInstanceBindingRepositoryIntegrationTest@4fedec12, testMethod = [null], testException = [null], mergedContextConfiguration = [MergedContextConfiguration@2ec6371c testClass = MongoServiceInstanceBindingRepositoryIntegrationTest, locations = '{}', classes = '{class org.springframework.cloud.servicebroker.mongodb.Application}', contextInitializerClasses = '[]', activeProfiles = '{}', propertySourceLocations = '{}', propertySourceProperties = '{}', contextLoader = 'org.springframework.boot.test.SpringApplicationContextLoader', parent = [null]]]].
14:51:50.548 [Test worker] DEBUG o.s.core.env.StandardEnvironment - Adding [systemProperties] PropertySource with lowest search precedence
14:51:50.550 [Test worker] DEBUG o.s.core.env.StandardEnvironment - Adding [systemEnvironment] PropertySource with lowest search precedence
14:51:50.550 [Test worker] DEBUG o.s.core.env.StandardEnvironment - Initialized StandardEnvironment with PropertySources [systemProperties,systemEnvironment]
14:51:50.552 [Test worker] DEBUG o.s.core.env.StandardEnvironment - Adding [integrationTest] PropertySource with search precedence immediately lower than [systemEnvironment]

  .   ____          _            __ _ _
 /\\ / ___'_ __ _ _(_)_ __  __ _ \ \ \ \
( ( )\___ | '_ | '_| | '_ \/ _` | \ \ \ \
 \\/  ___)| |_)| | | | | || (_| |  ) ) ) )
  '  |____| .__|_| |_|_| |_\__, | / / / /
 =========|_|==============|___/=/_/_/_/
 :: Spring Boot ::        (v1.3.1.RELEASE)

2016-10-21 14:51:51.149  INFO 7431 --- [    Test worker] InstanceBindingRepositoryIntegrationTest : Starting MongoServiceInstanceBindingRepositoryIntegrationTest on longview with PID 7431 (/Users/mikegehard/workspace/edu/cloudfoundry-mongodb-service-broker/build/classes/test started by mikegehard in /Users/mikegehard/workspace/edu/cloudfoundry-mongodb-service-broker)
2016-10-21 14:51:51.149  INFO 7431 --- [    Test worker] InstanceBindingRepositoryIntegrationTest : No active profile set, falling back to default profiles: default
2016-10-21 14:51:51.217  INFO 7431 --- [    Test worker] s.c.a.AnnotationConfigApplicationContext : Refreshing org.springframework.context.annotation.AnnotationConfigApplicationContext@2ac2adcd: startup date [Fri Oct 21 14:51:51 MDT 2016]; root of context hierarchy
2016-10-21 14:51:53.143  INFO 7431 --- [    Test worker] InstanceBindingRepositoryIntegrationTest : Started MongoServiceInstanceBindingRepositoryIntegrationTest in 2.588 seconds (JVM running for 4.077)
]]></system-out>
  <system-err><![CDATA[]]></system-err>
</testsuite>
