<?xml version="1.0" encoding="UTF-8"?>
<testsuite name="org.springframework.cloud.servicebroker.mongodb.service.MongoAdminServiceUnitTest" tests="2" failures="0" errors="0" timestamp="2016-10-21T20:51:55" hostname="longview" time="0.121">
  <properties/>
  <testcase name="uriConstructedSuccessfullyWithMultipleServerAddresses" classname="org.springframework.cloud.servicebroker.mongodb.service.MongoAdminServiceUnitTest" time="0.12"/>
  <testcase name="uriConstructedSuccessfullyWithOneServerAddress" classname="org.springframework.cloud.servicebroker.mongodb.service.MongoAdminServiceUnitTest" time="0.001"/>
  <system-out><![CDATA[]]></system-out>
  <system-err><![CDATA[]]></system-err>
</testsuite>
